<?xml version="1.0" encoding="UTF-8"?>
<!-- Generated by org.testng.reporters.JUnitReportReporter -->
<testsuite hostname="LAPTOP-QKL457JC" failures="0" tests="2" name="com.nasscom.testcase.Testcase" time="4.264" errors="0" timestamp="2023-06-21T15:48:48 IST" skipped="0">
  <testcase classname="com.nasscom.testcase.Testcase" name="TC_01_login" time="4.258"/>
  <system-out>
    <![CDATA[Value is Entered****-****[[ChromeDriver: chrome on WINDOWS (58460a9dec8c97ca0cd278769b52f3a9)] -> xpath: //*[contains(@placeholder,'Enter your User ID')]]]]>
  </system-out>
  <testcase classname="com.nasscom.testcase.Testcase" name="TC_02_login" time="0.006"/>
  <system-out/>
</testsuite> <!-- com.nasscom.testcase.Testcase -->
